<?xml version="1.0" encoding="UTF-8"?>
<!-- Generated by org.testng.reporters.JUnitReportReporter -->
<testsuite skipped="0" hostname="Shukhrats-MacBook-Pro.local" name="Academy.HomePage" tests="2" failures="0" timestamp="2020-04-19T17:16:06 EDT" time="19.211" errors="0">
  <testcase name="basePageNavigation" time="12.142" classname="Academy.HomePage"/>
  <testcase name="basePageNavigation" time="7.069" classname="Academy.HomePage"/>
</testsuite> <!-- Academy.HomePage -->
