<?xml version="1.0" encoding="UTF-8"?>
<!-- Generated by org.testng.reporters.JUnitReportReporter -->
<testsuite skipped="0" hostname="Shukhrats-MacBook-Pro.local" name="Academy.validateTitle" tests="1" failures="0" timestamp="2020-04-19T17:16:06 EDT" time="0.116" errors="0">
  <testcase name="validateAppTitle" time="0.116" classname="Academy.validateTitle"/>
</testsuite> <!-- Academy.validateTitle -->
