<?xml version="1.0" encoding="UTF-8"?>
<!-- Generated by org.testng.reporters.JUnitReportReporter -->
<testsuite skipped="0" hostname="Shukhrats-MacBook-Pro.local" name="Academy.HomePage" tests="2" failures="0" timestamp="2020-04-19T15:01:52 EDT" time="19.171" errors="0">
  <testcase name="basePageNavigation" time="7.621" classname="Academy.HomePage"/>
  <testcase name="basePageNavigation" time="11.550" classname="Academy.HomePage"/>
</testsuite> <!-- Academy.HomePage -->
