<?xml version="1.0" encoding="UTF-8"?>
<!-- Generated by org.testng.reporters.JUnitReportReporter -->
<testsuite skipped="0" hostname="Shukhrats-MacBook-Pro.local" name="Academy.validateNavigationBar" tests="1" failures="0" timestamp="2020-04-19T15:01:52 EDT" time="0.146" errors="0">
  <testcase name="validateAppNavBar" time="0.146" classname="Academy.validateNavigationBar"/>
</testsuite> <!-- Academy.validateNavigationBar -->
