<?xml version="1.0" encoding="UTF-8"?>
<!-- Generated by org.testng.reporters.JUnitReportReporter -->
<testsuite skipped="0" hostname="Shukhrats-MacBook-Pro.local" name="Academy.HomePage" tests="2" failures="0" timestamp="2020-04-18T23:36:37 EDT" time="17.556" errors="0">
  <testcase name="basePageNavigation" time="11.497" classname="Academy.HomePage"/>
  <testcase name="basePageNavigation" time="6.059" classname="Academy.HomePage"/>
</testsuite> <!-- Academy.HomePage -->
