<?xml version="1.0" encoding="UTF-8"?>
<!-- Generated by org.testng.reporters.JUnitReportReporter -->
<testsuite hostname="Shukhrats-MacBook-Pro.local" name="Academy.HomePage" tests="2" failures="0" timestamp="19 Apr 2020 03:38:10 GMT" time="15.751" errors="0">
  <testcase name="basePageNavigation" time="5.730" classname="Academy.HomePage"/>
  <testcase name="basePageNavigation" time="10.021" classname="Academy.HomePage"/>
</testsuite> <!-- Academy.HomePage -->
