<?xml version="1.0" encoding="UTF-8"?>
<!-- Generated by org.testng.reporters.JUnitReportReporter -->
<testsuite hostname="Shukhrats-MacBook-Pro.local" name="Academy.HomePage" tests="2" failures="0" timestamp="19 Apr 2020 05:38:14 GMT" time="26.720" errors="0">
  <testcase name="basePageNavigation" time="19.859" classname="Academy.HomePage"/>
  <testcase name="basePageNavigation" time="6.861" classname="Academy.HomePage"/>
</testsuite> <!-- Academy.HomePage -->
