<?xml version="1.0" encoding="UTF-8"?>
<!-- Generated by org.testng.reporters.JUnitReportReporter -->
<testsuite hostname="Shukhrats-MacBook-Pro.local" name="Academy.validateTitle" tests="1" failures="0" timestamp="19 Apr 2020 03:38:10 GMT" time="0.072" errors="0">
  <testcase name="validateAppTitle" time="0.072" classname="Academy.validateTitle"/>
</testsuite> <!-- Academy.validateTitle -->
