<?xml version="1.0" encoding="UTF-8"?>
<!-- Generated by org.testng.reporters.JUnitReportReporter -->
<testsuite hostname="Shukhrats-MacBook-Pro.local" name="Academy.validateNavigationBar" tests="1" failures="0" timestamp="19 Apr 2020 05:38:14 GMT" time="0.299" errors="0">
  <testcase name="validateAppNavBar" time="0.299" classname="Academy.validateNavigationBar"/>
</testsuite> <!-- Academy.validateNavigationBar -->
